<?xml version="1.0" encoding="UTF-8"?>
<!-- Generated by org.testng.reporters.JUnitReportReporter -->
<testsuite hostname="LAPTOP-NOC952OA" failures="0" tests="1" name="cucumberOptions.TestRunner" time="44.078" errors="0" timestamp="13 Aug 2021 20:37:13 GMT">
  <testcase classname="cucumberOptions.TestRunner" name="runScenario" time="44.078"/>
</testsuite> <!-- cucumberOptions.TestRunner -->
